Arguments: 
  /opt/homebrew/Cellar/node@14/14.18.1/bin/node /opt/homebrew/bin/yarn init 0y

PATH: 
  /Users/gustavosantana/.zinit/polaris/bin:/opt/homebrew/opt/node@14/bin:/opt/homebrew/bin:/opt/homebrew/opt/node@14/bin:/opt/homebrew/bin:/opt/homebrew/sbin:/usr/local/bin:/usr/bin:/bin:/usr/sbin:/sbin:/Library/Apple/usr/bin:/Users/gustavosantana/Library/Android/Sdk/emulator:/Users/gustavosantana/Library/Android/Sdk/tools:/Users/gustavosantana/Library/Android/Sdk/tools/bin:/Users/gustavosantana/Library/Android/Sdk/platform-tools

Yarn version: 
  1.22.15

Node version: 
  14.18.1

Platform: 
  darwin arm64

Trace: 
  Error: canceled
      at Interface.<anonymous> (/opt/homebrew/lib/node_modules/yarn/lib/cli.js:137145:13)
      at Interface.emit (events.js:400:28)
      at Interface._ttyWrite (readline.js:1001:16)
      at ReadStream.onkeypress (readline.js:265:10)
      at ReadStream.emit (events.js:400:28)
      at emitKeys (internal/readline/utils.js:358:14)
      at emitKeys.next (<anonymous>)
      at ReadStream.onData (readline.js:1270:36)
      at ReadStream.emit (events.js:400:28)
      at addChunk (internal/streams/readable.js:293:12)

npm manifest: 
  No manifest

yarn manifest: 
  No manifest

Lockfile: 
  No lockfile
